{"/home/ggg/Projects/FixxBuzz/index.js": {"path":"/home/ggg/Projects/FixxBuzz/index.js","statementMap":{"0":{"start":{"line":1,"column":16},"end":{"line":3,"column":32}},"1":{"start":{"line":1,"column":28},"end":{"line":3,"column":32}},"2":{"start":{"line":2,"column":18},"end":{"line":2,"column":72}},"3":{"start":{"line":3,"column":20},"end":{"line":3,"column":31}},"4":{"start":{"line":5,"column":0},"end":{"line":5,"column":32}}},"fnMap":{"0":{"name":"(anonymous_0)","decl":{"start":{"line":1,"column":16},"end":{"line":1,"column":17}},"loc":{"start":{"line":1,"column":28},"end":{"line":3,"column":32}},"line":1},"1":{"name":"(anonymous_1)","decl":{"start":{"line":2,"column":7},"end":{"line":2,"column":8}},"loc":{"start":{"line":2,"column":18},"end":{"line":2,"column":72}},"line":2},"2":{"name":"(anonymous_2)","decl":{"start":{"line":3,"column":10},"end":{"line":3,"column":11}},"loc":{"start":{"line":3,"column":20},"end":{"line":3,"column":31}},"line":3}},"branchMap":{"0":{"loc":{"start":{"line":2,"column":21},"end":{"line":2,"column":44}},"type":"cond-expr","locations":[{"start":{"line":2,"column":33},"end":{"line":2,"column":35}},{"start":{"line":2,"column":38},"end":{"line":2,"column":44}}],"line":2},"1":{"loc":{"start":{"line":2,"column":47},"end":{"line":2,"column":70}},"type":"cond-expr","locations":[{"start":{"line":2,"column":59},"end":{"line":2,"column":61}},{"start":{"line":2,"column":64},"end":{"line":2,"column":70}}],"line":2}},"s":{"0":1,"1":1,"2":4,"3":4,"4":1},"f":{"0":1,"1":4,"2":4},"b":{"0":[2,2],"1":[2,2]},"_coverageSchema":"1a1c01bbd47fc00a2c39e90264f33305004495a9","hash":"df27e39db76b9bdf531821ed9dfea549374d6a84"}
}
